2017/09/19 22:55:01 INFO  - jmeter.util.JMeterUtils: Setting Locale to en_IE 
2017/09/19 22:55:01 INFO  - jmeter.JMeter: Loading user properties from: /home/gremlin/bin/apache-jmeter-3.1/bin/user.properties 
2017/09/19 22:55:01 INFO  - jmeter.JMeter: Loading system properties from: /home/gremlin/bin/apache-jmeter-3.1/bin/system.properties 
2017/09/19 22:55:01 INFO  - jmeter.JMeter: Copyright (c) 1998-2016 The Apache Software Foundation 
2017/09/19 22:55:01 INFO  - jmeter.JMeter: Version 3.1 r1770033 
2017/09/19 22:55:01 INFO  - jmeter.JMeter: java.version=1.8.0_131 
2017/09/19 22:55:01 INFO  - jmeter.JMeter: java.vm.name=OpenJDK 64-Bit Server VM 
2017/09/19 22:55:01 INFO  - jmeter.JMeter: os.name=Linux 
2017/09/19 22:55:01 INFO  - jmeter.JMeter: os.arch=amd64 
2017/09/19 22:55:01 INFO  - jmeter.JMeter: os.version=4.4.0-93-generic 
2017/09/19 22:55:01 INFO  - jmeter.JMeter: file.encoding=UTF-8 
2017/09/19 22:55:01 INFO  - jmeter.JMeter: Max memory     =514850816 
2017/09/19 22:55:01 INFO  - jmeter.JMeter: Available Processors =8 
2017/09/19 22:55:01 INFO  - jmeter.JMeter: Default Locale=English (Ireland) 
2017/09/19 22:55:01 INFO  - jmeter.JMeter: JMeter  Locale=English (Ireland) 
2017/09/19 22:55:01 INFO  - jmeter.JMeter: JMeterHome=/home/gremlin/bin/apache-jmeter-3.1 
2017/09/19 22:55:01 INFO  - jmeter.JMeter: user.dir  =/home/gremlin/go-project/src/github.com/riomhaire/lightauth 
2017/09/19 22:55:01 INFO  - jmeter.JMeter: PWD       =/home/gremlin/go-project/src/github.com/riomhaire/lightauth 
2017/09/19 22:55:01 INFO  - jmeter.JMeter: IP: 127.0.1.1 Name: outpost FullName: outpost 
2017/09/19 22:55:01 INFO  - jmeter.services.FileServer: Default base='/home/gremlin/go-project/src/github.com/riomhaire/lightauth' 
2017/09/19 22:55:01 INFO  - jmeter.services.FileServer: Set new base='/home/gremlin/go-project/src/github.com/riomhaire/lightauth' 
2017/09/19 22:55:02 INFO  - jmeter.save.SaveService: Testplan (JMX) version: 2.2. Testlog (JTL) version: 2.2 
2017/09/19 22:55:02 INFO  - jmeter.save.SaveService: Using SaveService properties file encoding UTF-8 
2017/09/19 22:55:02 INFO  - jmeter.save.SaveService: Using SaveService properties version 3.1 
2017/09/19 22:55:02 INFO  - jmeter.save.SaveService: All converter versions present and correct 
2017/09/19 22:55:02 INFO  - jmeter.save.SaveService: Loading file: authentication-json-rpc.jmx 
2017/09/19 22:55:02 INFO  - jmeter.protocol.http.sampler.HTTPSamplerBase: Parser for text/html is org.apache.jmeter.protocol.http.parser.LagartoBasedHtmlParser 
2017/09/19 22:55:02 INFO  - jmeter.protocol.http.sampler.HTTPSamplerBase: Parser for application/xhtml+xml is org.apache.jmeter.protocol.http.parser.LagartoBasedHtmlParser 
2017/09/19 22:55:02 INFO  - jmeter.protocol.http.sampler.HTTPSamplerBase: Parser for application/xml is org.apache.jmeter.protocol.http.parser.LagartoBasedHtmlParser 
2017/09/19 22:55:02 INFO  - jmeter.protocol.http.sampler.HTTPSamplerBase: Parser for text/xml is org.apache.jmeter.protocol.http.parser.LagartoBasedHtmlParser 
2017/09/19 22:55:02 INFO  - jmeter.protocol.http.sampler.HTTPSamplerBase: Parser for text/vnd.wap.wml is org.apache.jmeter.protocol.http.parser.RegexpHTMLParser 
2017/09/19 22:55:02 INFO  - jmeter.protocol.http.sampler.HTTPSamplerBase: Parser for text/css is org.apache.jmeter.protocol.http.parser.CssParser 
2017/09/19 22:55:02 INFO  - jmeter.JMeter: Creating summariser <summary> 
2017/09/19 22:55:02 INFO  - jmeter.engine.StandardJMeterEngine: Running the test! 
2017/09/19 22:55:02 INFO  - jmeter.samplers.SampleEvent: List of sample_variables: [] 
2017/09/19 22:55:02 INFO  - jmeter.samplers.SampleEvent: List of sample_variables: [] 
2017/09/19 22:55:02 INFO  - jmeter.engine.util.CompoundVariable: Note: Function class names must contain the string: '.functions.' 
2017/09/19 22:55:02 INFO  - jmeter.engine.util.CompoundVariable: Note: Function class names must not contain the string: '.gui.' 
2017/09/19 22:55:02 INFO  - jmeter.JMeter: Running test (1505858102301) 
2017/09/19 22:55:02 INFO  - jmeter.engine.StandardJMeterEngine: Starting ThreadGroup: 1 : Authentication 
2017/09/19 22:55:02 INFO  - jmeter.engine.StandardJMeterEngine: Starting 50 threads for group Authentication. 
2017/09/19 22:55:02 INFO  - jmeter.engine.StandardJMeterEngine: Thread will continue on error 
2017/09/19 22:55:02 INFO  - jmeter.threads.ThreadGroup: Starting thread group number 1 threads 50 ramp-up 1 perThread 20.0 delayedStart=false 
2017/09/19 22:55:02 INFO  - jmeter.threads.JMeterThread: Thread started: Authentication 1-1 
2017/09/19 22:55:02 INFO  - jmeter.protocol.http.sampler.HTTPHCAbstractImpl: Local host = outpost 
2017/09/19 22:55:02 INFO  - jmeter.threads.JMeterThread: Thread started: Authentication 1-2 
2017/09/19 22:55:02 INFO  - jmeter.protocol.http.sampler.HTTPHC4Impl: HTTP request retry count = 0 
2017/09/19 22:55:02 INFO  - jmeter.threads.ThreadGroup: Started thread group number 1 
2017/09/19 22:55:02 INFO  - jmeter.engine.StandardJMeterEngine: All thread groups have been started 
2017/09/19 22:55:02 INFO  - jmeter.samplers.SampleResult: Note: Sample TimeStamps are START times 
2017/09/19 22:55:02 INFO  - jmeter.samplers.SampleResult: sampleresult.default.encoding is set to ISO-8859-1 
2017/09/19 22:55:02 INFO  - jmeter.samplers.SampleResult: sampleresult.useNanoTime=true 
2017/09/19 22:55:02 INFO  - jmeter.samplers.SampleResult: sampleresult.nanoThreadSleep=5000 
2017/09/19 22:55:02 INFO  - jmeter.threads.JMeterThread: Thread started: Authentication 1-3 
2017/09/19 22:55:02 INFO  - jmeter.threads.JMeterThread: Thread started: Authentication 1-4 
2017/09/19 22:55:02 INFO  - jmeter.threads.JMeterThread: Thread started: Authentication 1-5 
2017/09/19 22:55:02 INFO  - jmeter.threads.JMeterThread: Thread started: Authentication 1-6 
2017/09/19 22:55:02 INFO  - jmeter.threads.JMeterThread: Thread started: Authentication 1-7 
2017/09/19 22:55:02 INFO  - jmeter.threads.JMeterThread: Thread started: Authentication 1-8 
2017/09/19 22:55:02 INFO  - jmeter.threads.JMeterThread: Thread started: Authentication 1-9 
2017/09/19 22:55:02 INFO  - jmeter.threads.JMeterThread: Thread started: Authentication 1-10 
2017/09/19 22:55:02 INFO  - jmeter.threads.JMeterThread: Thread started: Authentication 1-11 
2017/09/19 22:55:02 INFO  - jmeter.threads.JMeterThread: Thread started: Authentication 1-12 
2017/09/19 22:55:02 INFO  - jmeter.threads.JMeterThread: Thread started: Authentication 1-13 
2017/09/19 22:55:02 INFO  - jmeter.threads.JMeterThread: Thread started: Authentication 1-14 
2017/09/19 22:55:02 INFO  - jmeter.threads.JMeterThread: Thread started: Authentication 1-15 
2017/09/19 22:55:02 INFO  - jmeter.reporters.Summariser: summary +      1 in 00:00:00 =    2.8/s Avg:   199 Min:   199 Max:   199 Err:     0 (0.00%) Active: 15 Started: 15 Finished: 0 
2017/09/19 22:55:02 INFO  - jmeter.threads.JMeterThread: Thread started: Authentication 1-16 
2017/09/19 22:55:02 INFO  - jmeter.threads.JMeterThread: Thread started: Authentication 1-17 
2017/09/19 22:55:02 INFO  - jmeter.threads.JMeterThread: Thread started: Authentication 1-18 
2017/09/19 22:55:02 INFO  - jmeter.threads.JMeterThread: Thread started: Authentication 1-19 
2017/09/19 22:55:02 INFO  - jmeter.threads.JMeterThread: Thread started: Authentication 1-20 
2017/09/19 22:55:02 INFO  - jmeter.threads.JMeterThread: Thread started: Authentication 1-21 
2017/09/19 22:55:02 INFO  - jmeter.threads.JMeterThread: Thread started: Authentication 1-22 
2017/09/19 22:55:02 INFO  - jmeter.threads.JMeterThread: Thread started: Authentication 1-23 
2017/09/19 22:55:02 INFO  - jmeter.threads.JMeterThread: Thread started: Authentication 1-24 
2017/09/19 22:55:02 INFO  - jmeter.threads.JMeterThread: Thread started: Authentication 1-25 
2017/09/19 22:55:02 INFO  - jmeter.threads.JMeterThread: Thread started: Authentication 1-26 
2017/09/19 22:55:02 INFO  - jmeter.threads.JMeterThread: Thread started: Authentication 1-27 
2017/09/19 22:55:02 INFO  - jmeter.threads.JMeterThread: Thread started: Authentication 1-28 
2017/09/19 22:55:02 INFO  - jmeter.threads.JMeterThread: Thread started: Authentication 1-29 
2017/09/19 22:55:02 INFO  - jmeter.threads.JMeterThread: Thread started: Authentication 1-30 
2017/09/19 22:55:02 INFO  - jmeter.threads.JMeterThread: Thread started: Authentication 1-31 
2017/09/19 22:55:02 INFO  - jmeter.threads.JMeterThread: Thread started: Authentication 1-32 
2017/09/19 22:55:03 INFO  - jmeter.threads.JMeterThread: Thread started: Authentication 1-33 
2017/09/19 22:55:03 INFO  - jmeter.threads.JMeterThread: Thread started: Authentication 1-34 
2017/09/19 22:55:03 INFO  - jmeter.threads.JMeterThread: Thread started: Authentication 1-35 
2017/09/19 22:55:03 INFO  - jmeter.threads.JMeterThread: Thread started: Authentication 1-36 
2017/09/19 22:55:03 INFO  - jmeter.threads.JMeterThread: Thread started: Authentication 1-37 
2017/09/19 22:55:03 INFO  - jmeter.threads.JMeterThread: Thread started: Authentication 1-38 
2017/09/19 22:55:03 INFO  - jmeter.threads.JMeterThread: Thread started: Authentication 1-39 
2017/09/19 22:55:03 INFO  - jmeter.threads.JMeterThread: Thread started: Authentication 1-40 
2017/09/19 22:55:03 INFO  - jmeter.threads.JMeterThread: Thread started: Authentication 1-41 
2017/09/19 22:55:03 INFO  - jmeter.threads.JMeterThread: Thread started: Authentication 1-42 
2017/09/19 22:55:03 INFO  - jmeter.threads.JMeterThread: Thread started: Authentication 1-43 
2017/09/19 22:55:03 INFO  - jmeter.threads.JMeterThread: Thread started: Authentication 1-44 
2017/09/19 22:55:03 INFO  - jmeter.threads.JMeterThread: Thread started: Authentication 1-45 
2017/09/19 22:55:03 INFO  - jmeter.threads.JMeterThread: Thread started: Authentication 1-46 
2017/09/19 22:55:03 INFO  - jmeter.threads.JMeterThread: Thread started: Authentication 1-47 
2017/09/19 22:55:03 INFO  - jmeter.threads.JMeterThread: Thread started: Authentication 1-48 
2017/09/19 22:55:03 INFO  - jmeter.threads.JMeterThread: Thread started: Authentication 1-49 
2017/09/19 22:55:03 INFO  - jmeter.threads.JMeterThread: Thread started: Authentication 1-50 
2017/09/19 22:55:30 INFO  - jmeter.reporters.Summariser: summary +  54109 in 00:00:27 = 1979.2/s Avg:    24 Min:     5 Max:   462 Err:     0 (0.00%) Active: 50 Started: 50 Finished: 0 
2017/09/19 22:55:30 INFO  - jmeter.reporters.Summariser: summary =  54110 in 00:00:28 = 1953.5/s Avg:    24 Min:     5 Max:   462 Err:     0 (0.00%) 
2017/09/19 22:56:00 INFO  - jmeter.reporters.Summariser: summary +  62331 in 00:00:30 = 2077.6/s Avg:    24 Min:     5 Max:   318 Err:     0 (0.00%) Active: 50 Started: 50 Finished: 0 
2017/09/19 22:56:00 INFO  - jmeter.reporters.Summariser: summary = 116441 in 00:00:58 = 2018.0/s Avg:    24 Min:     5 Max:   462 Err:     0 (0.00%) 
2017/09/19 22:56:30 INFO  - jmeter.reporters.Summariser: summary +  62170 in 00:00:30 = 2072.4/s Avg:    24 Min:     5 Max:   357 Err:     0 (0.00%) Active: 50 Started: 50 Finished: 0 
2017/09/19 22:56:30 INFO  - jmeter.reporters.Summariser: summary = 178611 in 00:01:28 = 2036.6/s Avg:    24 Min:     5 Max:   462 Err:     0 (0.00%) 
2017/09/19 22:57:00 INFO  - jmeter.reporters.Summariser: summary +  57172 in 00:00:30 = 1905.5/s Avg:    25 Min:     5 Max:   983 Err:     0 (0.00%) Active: 50 Started: 50 Finished: 0 
2017/09/19 22:57:00 INFO  - jmeter.reporters.Summariser: summary = 235783 in 00:01:58 = 2003.2/s Avg:    24 Min:     5 Max:   983 Err:     0 (0.00%) 
2017/09/19 22:57:30 INFO  - jmeter.reporters.Summariser: summary +  56619 in 00:00:30 = 1887.5/s Avg:    26 Min:     5 Max:  1352 Err:     0 (0.00%) Active: 50 Started: 50 Finished: 0 
2017/09/19 22:57:30 INFO  - jmeter.reporters.Summariser: summary = 292402 in 00:02:28 = 1979.7/s Avg:    25 Min:     5 Max:  1352 Err:     0 (0.00%) 
2017/09/19 22:58:00 INFO  - jmeter.reporters.Summariser: summary +  61848 in 00:00:30 = 2061.6/s Avg:    24 Min:     5 Max:   441 Err:     0 (0.00%) Active: 50 Started: 50 Finished: 0 
2017/09/19 22:58:00 INFO  - jmeter.reporters.Summariser: summary = 354250 in 00:02:58 = 1993.5/s Avg:    24 Min:     5 Max:  1352 Err:     0 (0.00%) 
2017/09/19 22:58:25 INFO  - jmeter.reporters.ResultCollector: Shutdown hook started 
2017/09/19 22:58:25 INFO  - jmeter.reporters.ResultCollector: Shutdown hook ended 
